week03/RoomHW/app/build/intermediates/manifest_merge_blame_file/debug/manifest-merger-blame-debug-report.txt
1<?xml version="1.0" encoding="utf-8"?>
2<manifest xmlns:android="http://schemas.android.com/apk/res/android"
3    package="work2.mobile.week03.roomhw"
4    android:versionCode="1"
5    android:versionName="1.0" >
6
7    <uses-sdk
8        android:minSdkVersion="21"
8-->src\main\AndroidManifest.xml
9        android:targetSdkVersion="32" />
9-->src\main\AndroidManifest.xml
10
11    <application
11-->src\main\AndroidManifest.xml:5:5-49:19
12        android:allowBackup="true"
12-->src\main\AndroidManifest.xml:6:9-35
13        android:appComponentFactory="androidx.core.app.CoreComponentFactory"
13-->[androidx.core:core:1.8.0] AndroidManifest.xml:24:18-86
14        android:dataExtractionRules="@xml/data_extraction_rules"
14-->src\main\AndroidManifest.xml:7:9-65
15        android:debuggable="true"
16        android:fullBackupContent="@xml/backup_rules"
16-->src\main\AndroidManifest.xml:8:9-54
17        android:icon="@mipmap/ic_launcher"
17-->src\main\AndroidManifest.xml:9:9-43
18        android:label="@string/app_name"
18-->src\main\AndroidManifest.xml:10:9-41
19        android:roundIcon="@mipmap/ic_launcher_round"
19-->src\main\AndroidManifest.xml:11:9-54
20        android:supportsRtl="true"
20-->src\main\AndroidManifest.xml:12:9-35
21        android:testOnly="true"
22        android:theme="@style/Theme.RoomHW" >
22-->src\main\AndroidManifest.xml:13:9-44
23        <activity
23-->src\main\AndroidManifest.xml:15:9-21:20
24            android:name="work2.mobile.week03.roomhw.UpdateActivity"
24-->src\main\AndroidManifest.xml:16:13-43
25            android:exported="false" >
25-->src\main\AndroidManifest.xml:17:13-37
26            <meta-data
26-->src\main\AndroidManifest.xml:18:13-20:36
27                android:name="android.app.lib_name"
27-->src\main\AndroidManifest.xml:19:17-52
28                android:value="" />
28-->src\main\AndroidManifest.xml:20:17-33
29        </activity>
30        <activity
30-->src\main\AndroidManifest.xml:22:9-28:20
31            android:name="work2.mobile.week03.roomhw.InsertActivity"
31-->src\main\AndroidManifest.xml:23:13-43
32            android:exported="false" >
32-->src\main\AndroidManifest.xml:24:13-37
33            <meta-data
33-->src\main\AndroidManifest.xml:18:13-20:36
34                android:name="android.app.lib_name"
34-->src\main\AndroidManifest.xml:19:17-52
35                android:value="" />
35-->src\main\AndroidManifest.xml:20:17-33
36        </activity>
37        <activity
37-->src\main\AndroidManifest.xml:29:9-35:20
38            android:name="work2.mobile.week03.roomhw.AllContactsActivity"
38-->src\main\AndroidManifest.xml:30:13-48
39            android:exported="false" >
39-->src\main\AndroidManifest.xml:31:13-37
40            <meta-data
40-->src\main\AndroidManifest.xml:18:13-20:36
41                android:name="android.app.lib_name"
41-->src\main\AndroidManifest.xml:19:17-52
42                android:value="" />
42-->src\main\AndroidManifest.xml:20:17-33
43        </activity>
44        <activity
44-->src\main\AndroidManifest.xml:36:9-48:20
45            android:name="work2.mobile.week03.roomhw.MainActivity"
45-->src\main\AndroidManifest.xml:37:13-41
46            android:exported="true" >
46-->src\main\AndroidManifest.xml:38:13-36
47            <intent-filter>
47-->src\main\AndroidManifest.xml:39:13-43:29
48                <action android:name="android.intent.action.MAIN" />
48-->src\main\AndroidManifest.xml:40:17-69
48-->src\main\AndroidManifest.xml:40:25-66
49
50                <category android:name="android.intent.category.LAUNCHER" />
50-->src\main\AndroidManifest.xml:42:17-77
50-->src\main\AndroidManifest.xml:42:27-74
51            </intent-filter>
52
53            <meta-data
53-->src\main\AndroidManifest.xml:18:13-20:36
54                android:name="android.app.lib_name"
54-->src\main\AndroidManifest.xml:19:17-52
55                android:value="" />
55-->src\main\AndroidManifest.xml:20:17-33
56        </activity>
57
58        <service
58-->[androidx.room:room-runtime:2.4.3] AndroidManifest.xml:25:9-28:40
59            android:name="androidx.room.MultiInstanceInvalidationService"
59-->[androidx.room:room-runtime:2.4.3] AndroidManifest.xml:26:13-74
60            android:directBootAware="true"
60-->[androidx.room:room-runtime:2.4.3] AndroidManifest.xml:27:13-43
61            android:exported="false" />
61-->[androidx.room:room-runtime:2.4.3] AndroidManifest.xml:28:13-37
62
63        <provider
63-->[androidx.emoji2:emoji2:1.2.0] AndroidManifest.xml:24:9-32:20
64            android:name="androidx.startup.InitializationProvider"
64-->[androidx.emoji2:emoji2:1.2.0] AndroidManifest.xml:25:13-67
65            android:authorities="work2.mobile.week03.roomhw.androidx-startup"
65-->[androidx.emoji2:emoji2:1.2.0] AndroidManifest.xml:26:13-68
66            android:exported="false" >
66-->[androidx.emoji2:emoji2:1.2.0] AndroidManifest.xml:27:13-37
67            <meta-data
67-->[androidx.emoji2:emoji2:1.2.0] AndroidManifest.xml:29:13-31:52
68                android:name="androidx.emoji2.text.EmojiCompatInitializer"
68-->[androidx.emoji2:emoji2:1.2.0] AndroidManifest.xml:30:17-75
69                android:value="androidx.startup" />
69-->[androidx.emoji2:emoji2:1.2.0] AndroidManifest.xml:31:17-49
70            <meta-data
70-->[androidx.lifecycle:lifecycle-process:2.4.1] AndroidManifest.xml:31:13-33:52
71                android:name="androidx.lifecycle.ProcessLifecycleInitializer"
71-->[androidx.lifecycle:lifecycle-process:2.4.1] AndroidManifest.xml:32:17-78
72                android:value="androidx.startup" />
72-->[androidx.lifecycle:lifecycle-process:2.4.1] AndroidManifest.xml:33:17-49
73        </provider>
74
75        <uses-library
75-->[androidx.window:window:1.0.0] AndroidManifest.xml:25:9-27:40
76            android:name="androidx.window.extensions"
76-->[androidx.window:window:1.0.0] AndroidManifest.xml:26:13-54
77            android:required="false" />
77-->[androidx.window:window:1.0.0] AndroidManifest.xml:27:13-37
78        <uses-library
78-->[androidx.window:window:1.0.0] AndroidManifest.xml:28:9-30:40
79            android:name="androidx.window.sidecar"
79-->[androidx.window:window:1.0.0] AndroidManifest.xml:29:13-51
80            android:required="false" />
80-->[androidx.window:window:1.0.0] AndroidManifest.xml:30:13-37
81    </application>
82
83</manifest>